-------------------------------------------------------------------------------
Test set: com.example.RunCucumberTest
-------------------------------------------------------------------------------
Tests run: 11, Failures: 0, Errors: 11, Skipped: 0, Time elapsed: 0.367 s <<< FAILURE! - in com.example.RunCucumberTest
Create an activity when no project leader is assigned(Create activity)  Time elapsed: 0.043 s  <<< ERROR!
io.cucumber.junit.UndefinedStepException: 
The step 'there is a project with name "Testing26001"' and 4 other step(s) are undefined.
You can implement these steps using the snippet(s) below:

@Given("there is a project with name {string}")
public void there_is_a_project_with_name(String string) {
    // Write code here that turns the phrase above into concrete actions
    throw new io.cucumber.java.PendingException();
}
@Given("the project has no project leader")
public void the_project_has_no_project_leader() {
    // Write code here that turns the phrase above into concrete actions
    throw new io.cucumber.java.PendingException();
}
@Given("the employee {string} is assigned to the project")
public void the_employee_is_assigned_to_the_project(String string) {
    // Write code here that turns the phrase above into concrete actions
    throw new io.cucumber.java.PendingException();
}
@When("the employee {string} creates an activity with name {string}")
public void the_employee_creates_an_activity_with_name(String string, String string2) {
    // Write code here that turns the phrase above into concrete actions
    throw new io.cucumber.java.PendingException();
}
@Then("the activity {string} is added to the project")
public void the_activity_is_added_to_the_project(String string) {
    // Write code here that turns the phrase above into concrete actions
    throw new io.cucumber.java.PendingException();
}


Create an activity with a duplicate name(Create activity)  Time elapsed: 0.003 s  <<< ERROR!
io.cucumber.junit.UndefinedStepException: 
The step 'there is a project with name "Testing26001"' and 4 other step(s) are undefined.
You can implement these steps using the snippet(s) below:

@Given("there is a project with name {string}")
public void there_is_a_project_with_name(String string) {
    // Write code here that turns the phrase above into concrete actions
    throw new io.cucumber.java.PendingException();
}
@Given("the employee {string} is the project leader of the project")
public void the_employee_is_the_project_leader_of_the_project(String string) {
    // Write code here that turns the phrase above into concrete actions
    throw new io.cucumber.java.PendingException();
}
@Given("the project has an activity with name {string}")
public void the_project_has_an_activity_with_name(String string) {
    // Write code here that turns the phrase above into concrete actions
    throw new io.cucumber.java.PendingException();
}
@When("the project leader creates an activity with name {string}")
public void the_project_leader_creates_an_activity_with_name(String string) {
    // Write code here that turns the phrase above into concrete actions
    throw new io.cucumber.java.PendingException();
}
@Then("the error message {string} is given")
public void the_error_message_is_given(String string) {
    // Write code here that turns the phrase above into concrete actions
    throw new io.cucumber.java.PendingException();
}


Add an employee to an activity successfully(Add employee to activity)  Time elapsed: 0.004 s  <<< ERROR!
io.cucumber.junit.UndefinedStepException: 
The step 'there is a project with name "Testing26001"' and 4 other step(s) are undefined.
You can implement these steps using the snippet(s) below:

@Given("there is a project with name {string}")
public void there_is_a_project_with_name(String string) {
    // Write code here that turns the phrase above into concrete actions
    throw new io.cucumber.java.PendingException();
}
@Given("the project has an activity with name {string}")
public void the_project_has_an_activity_with_name(String string) {
    // Write code here that turns the phrase above into concrete actions
    throw new io.cucumber.java.PendingException();
}
@Given("there is an employee with initials {string}")
public void there_is_an_employee_with_initials(String string) {
    // Write code here that turns the phrase above into concrete actions
    throw new io.cucumber.java.PendingException();
}
@When("the employee {string} is added to activity {string}")
public void the_employee_is_added_to_activity(String string, String string2) {
    // Write code here that turns the phrase above into concrete actions
    throw new io.cucumber.java.PendingException();
}
@Then("employee is added to activity {string}")
public void employee_is_added_to_activity(String string) {
    // Write code here that turns the phrase above into concrete actions
    throw new io.cucumber.java.PendingException();
}


Add an employee who is already assigned(Add employee to activity)  Time elapsed: 0.003 s  <<< ERROR!
io.cucumber.junit.UndefinedStepException: 
The step 'there is a project with name "Testing26001"' and 5 other step(s) are undefined.
You can implement these steps using the snippet(s) below:

@Given("there is a project with name {string}")
public void there_is_a_project_with_name(String string) {
    // Write code here that turns the phrase above into concrete actions
    throw new io.cucumber.java.PendingException();
}
@Given("the project has an activity with name {string}")
public void the_project_has_an_activity_with_name(String string) {
    // Write code here that turns the phrase above into concrete actions
    throw new io.cucumber.java.PendingException();
}
@Given("there is an employee with initials {string}")
public void there_is_an_employee_with_initials(String string) {
    // Write code here that turns the phrase above into concrete actions
    throw new io.cucumber.java.PendingException();
}
@Given("the employee {string} is assigned to the activity {string}")
public void the_employee_is_assigned_to_the_activity(String string, String string2) {
    // Write code here that turns the phrase above into concrete actions
    throw new io.cucumber.java.PendingException();
}
@When("the employee {string} is added to activity {string}")
public void the_employee_is_added_to_activity(String string, String string2) {
    // Write code here that turns the phrase above into concrete actions
    throw new io.cucumber.java.PendingException();
}
@Then("the error message {string} is given")
public void the_error_message_is_given(String string) {
    // Write code here that turns the phrase above into concrete actions
    throw new io.cucumber.java.PendingException();
}


Employee is available(Check employee availability)  Time elapsed: 0.003 s  <<< ERROR!
io.cucumber.junit.UndefinedStepException: 
The step 'there is an employee with initials "bap"' and 4 other step(s) are undefined.
You can implement these steps using the snippet(s) below:

@Given("there is an employee with initials {string}")
public void there_is_an_employee_with_initials(String string) {
    // Write code here that turns the phrase above into concrete actions
    throw new io.cucumber.java.PendingException();
}
@Given("there is a nemployee with initials {string}")
public void there_is_a_nemployee_with_initials(String string) {
    // Write code here that turns the phrase above into concrete actions
    throw new io.cucumber.java.PendingException();
}
@Given("the employee {string} has no activities in week {int} of {int}")
public void the_employee_has_no_activities_in_week_of(String string, Integer int1, Integer int2) {
    // Write code here that turns the phrase above into concrete actions
    throw new io.cucumber.java.PendingException();
}
@When("the project leader checks availability for week {int} of {int}")
public void the_project_leader_checks_availability_for_week_of(Integer int1, Integer int2) {
    // Write code here that turns the phrase above into concrete actions
    throw new io.cucumber.java.PendingException();
}
@Then("the employee {string} is listed as available")
public void the_employee_is_listed_as_available(String string) {
    // Write code here that turns the phrase above into concrete actions
    throw new io.cucumber.java.PendingException();
}


Employee is not available(Check employee availability)  Time elapsed: 0.003 s  <<< ERROR!
io.cucumber.junit.UndefinedStepException: 
The step 'there is an employee with initials "ber"' and 3 other step(s) are undefined.
You can implement these steps using the snippet(s) below:

@Given("there is an employee with initials {string}")
public void there_is_an_employee_with_initials(String string) {
    // Write code here that turns the phrase above into concrete actions
    throw new io.cucumber.java.PendingException();
}
@Given("the employee {string} is assigned to an activity in week {int} of {int}")
public void the_employee_is_assigned_to_an_activity_in_week_of(String string, Integer int1, Integer int2) {
    // Write code here that turns the phrase above into concrete actions
    throw new io.cucumber.java.PendingException();
}
@When("the project leader checks availability for week {int} of {int}")
public void the_project_leader_checks_availability_for_week_of(Integer int1, Integer int2) {
    // Write code here that turns the phrase above into concrete actions
    throw new io.cucumber.java.PendingException();
}
@Then("the employee {string} is not listed as available")
public void the_employee_is_not_listed_as_available(String string) {
    // Write code here that turns the phrase above into concrete actions
    throw new io.cucumber.java.PendingException();
}


View total time spent on project(Project report)  Time elapsed: 0.003 s  <<< ERROR!
io.cucumber.junit.UndefinedStepException: 
The step 'there is a project with name "Testing26001"' and 5 other step(s) are undefined.
You can implement these steps using the snippet(s) below:

@Given("there is a project with name {string}")
public void there_is_a_project_with_name(String string) {
    // Write code here that turns the phrase above into concrete actions
    throw new io.cucumber.java.PendingException();
}
@Given("the employee {string} is the project leader of the project")
public void the_employee_is_the_project_leader_of_the_project(String string) {
    // Write code here that turns the phrase above into concrete actions
    throw new io.cucumber.java.PendingException();
}
@Given("the project has an activity with name {string}")
public void the_project_has_an_activity_with_name(String string) {
    // Write code here that turns the phrase above into concrete actions
    throw new io.cucumber.java.PendingException();
}
@Given("the employee {string} has registered {int} hours on activity {string} on date {string}")
public void the_employee_has_registered_hours_on_activity_on_date(String string, Integer int1, String string2, String string3) {
    // Write code here that turns the phrase above into concrete actions
    throw new io.cucumber.java.PendingException();
}
@When("the project leader requests a project report")
public void the_project_leader_requests_a_project_report() {
    // Write code here that turns the phrase above into concrete actions
    throw new io.cucumber.java.PendingException();
}
@Then("the report shows {int} total hours spent on the project")
public void the_report_shows_total_hours_spent_on_the_project(Integer int1) {
    // Write code here that turns the phrase above into concrete actions
    throw new io.cucumber.java.PendingException();
}


View report for non-existing activity(Project report)  Time elapsed: 0.003 s  <<< ERROR!
io.cucumber.junit.UndefinedStepException: 
The step 'there is a project with name "Testing26001"' and 4 other step(s) are undefined.
You can implement these steps using the snippet(s) below:

@Given("there is a project with name {string}")
public void there_is_a_project_with_name(String string) {
    // Write code here that turns the phrase above into concrete actions
    throw new io.cucumber.java.PendingException();
}
@Given("the employee {string} is the project leader of the project")
public void the_employee_is_the_project_leader_of_the_project(String string) {
    // Write code here that turns the phrase above into concrete actions
    throw new io.cucumber.java.PendingException();
}
@Given("the project has an activity with name {string}")
public void the_project_has_an_activity_with_name(String string) {
    // Write code here that turns the phrase above into concrete actions
    throw new io.cucumber.java.PendingException();
}
@When("the project leader requests time used on activity {string}")
public void the_project_leader_requests_time_used_on_activity(String string) {
    // Write code here that turns the phrase above into concrete actions
    throw new io.cucumber.java.PendingException();
}
@Then("the error message {string} is given")
public void the_error_message_is_given(String string) {
    // Write code here that turns the phrase above into concrete actions
    throw new io.cucumber.java.PendingException();
}


Assign a project leader succesfully(Assign project leader)  Time elapsed: 0.004 s  <<< ERROR!
io.cucumber.junit.UndefinedStepException: 
The step 'there is a project with name "Testing26001"' and 3 other step(s) are undefined.
You can implement these steps using the snippet(s) below:

@Given("there is a project with name {string}")
public void there_is_a_project_with_name(String string) {
    // Write code here that turns the phrase above into concrete actions
    throw new io.cucumber.java.PendingException();
}
@Given("there is an employee with initials {string}")
public void there_is_an_employee_with_initials(String string) {
    // Write code here that turns the phrase above into concrete actions
    throw new io.cucumber.java.PendingException();
}
@When("the employee {string} is assigned as project leader")
public void the_employee_is_assigned_as_project_leader(String string) {
    // Write code here that turns the phrase above into concrete actions
    throw new io.cucumber.java.PendingException();
}
@Then("the employee {string} is the project leader of the project")
public void the_employee_is_the_project_leader_of_the_project(String string) {
    // Write code here that turns the phrase above into concrete actions
    throw new io.cucumber.java.PendingException();
}


Edit already registered time(Update register Time)  Time elapsed: 0.004 s  <<< ERROR!
io.cucumber.junit.UndefinedStepException: 
The step 'there is an employee with initials "bap"' and 6 other step(s) are undefined.
You can implement these steps using the snippet(s) below:

@Given("there is an employee with initials {string}")
public void there_is_an_employee_with_initials(String string) {
    // Write code here that turns the phrase above into concrete actions
    throw new io.cucumber.java.PendingException();
}
@Given("there is a project with name {string}")
public void there_is_a_project_with_name(String string) {
    // Write code here that turns the phrase above into concrete actions
    throw new io.cucumber.java.PendingException();
}
@Given("the project has an activity with name {string}")
public void the_project_has_an_activity_with_name(String string) {
    // Write code here that turns the phrase above into concrete actions
    throw new io.cucumber.java.PendingException();
}
@Given("the employee {string} has registered {int} hours on activity {string} on date {string}")
public void the_employee_has_registered_hours_on_activity_on_date(String string, Integer int1, String string2, String string3) {
    // Write code here that turns the phrase above into concrete actions
    throw new io.cucumber.java.PendingException();
}
@Given("the employee {string} changes the registered hours to {int} on activity {string} on date {string}")
public void the_employee_changes_the_registered_hours_to_on_activity_on_date(String string, Integer int1, String string2, String string3) {
    // Write code here that turns the phrase above into concrete actions
    throw new io.cucumber.java.PendingException();
}
@When("the employee {string} views registered hours for date {string}")
public void the_employee_views_registered_hours_for_date(String string, String string2) {
    // Write code here that turns the phrase above into concrete actions
    throw new io.cucumber.java.PendingException();
}
@Then("{int} hours are registered for employee {string} on activity {string} on date {string}")
public void hours_are_registered_for_employee_on_activity_on_date(Integer int1, String string, String string2, String string3) {
    // Write code here that turns the phrase above into concrete actions
    throw new io.cucumber.java.PendingException();
}


Register negative hours(Update register Time)  Time elapsed: 0.003 s  <<< ERROR!
io.cucumber.junit.UndefinedStepException: 
The step 'there is a project with name "Testing26001"' and 4 other step(s) are undefined.
You can implement these steps using the snippet(s) below:

@Given("there is a project with name {string}")
public void there_is_a_project_with_name(String string) {
    // Write code here that turns the phrase above into concrete actions
    throw new io.cucumber.java.PendingException();
}
@Given("the project has an activity with name {string}")
public void the_project_has_an_activity_with_name(String string) {
    // Write code here that turns the phrase above into concrete actions
    throw new io.cucumber.java.PendingException();
}
@Given("there is an employee with initials {string}")
public void there_is_an_employee_with_initials(String string) {
    // Write code here that turns the phrase above into concrete actions
    throw new io.cucumber.java.PendingException();
}
@When("the employee {string} registers {int} hours on activity {string} on date {string}")
public void the_employee_registers_hours_on_activity_on_date(String string, Integer int1, String string2, String string3) {
    // Write code here that turns the phrase above into concrete actions
    throw new io.cucumber.java.PendingException();
}
@Then("the error message {string} is given")
public void the_error_message_is_given(String string) {
    // Write code here that turns the phrase above into concrete actions
    throw new io.cucumber.java.PendingException();
}


