<?xml version="1.0" encoding="UTF-8"?>
<testsuite xmlns:xsi="http://www.w3.org/2001/XMLSchema-instance" xsi:noNamespaceSchemaLocation="https://maven.apache.org/surefire/maven-surefire-plugin/xsd/surefire-test-report.xsd" name="com.example.RunCucumberTest" time="0.367" tests="11" errors="11" skipped="0" failures="0">
  <properties>
[...]
</properties>
  <testcase name="Create an activity when no project leader is assigned" classname="Create activity" time="0.043">
    <error message="The step &apos;there is a project with name &quot;Testing26001&quot;&apos; and 4 other step(s) are undefined.&#10;You can implement these steps using the snippet(s) below:&#10;&#10;@Given(&quot;there is a project with name {string}&quot;)&#10;public void there_is_a_project_with_name(String string) {&#10;    // Write code here that turns the phrase above into concrete actions&#10;    throw new io.cucumber.java.PendingException();&#10;}&#10;@Given(&quot;the project has no project leader&quot;)&#10;public void the_project_has_no_project_leader() {&#10;    // Write code here that turns the phrase above into concrete actions&#10;    throw new io.cucumber.java.PendingException();&#10;}&#10;@Given(&quot;the employee {string} is assigned to the project&quot;)&#10;public void the_employee_is_assigned_to_the_project(String string) {&#10;    // Write code here that turns the phrase above into concrete actions&#10;    throw new io.cucumber.java.PendingException();&#10;}&#10;@When(&quot;the employee {string} creates an activity with name {string}&quot;)&#10;public void the_employee_creates_an_activity_with_name(String string, String string2) {&#10;    // Write code here that turns the phrase above into concrete actions&#10;    throw new io.cucumber.java.PendingException();&#10;}&#10;@Then(&quot;the activity {string} is added to the project&quot;)&#10;public void the_activity_is_added_to_the_project(String string) {&#10;    // Write code here that turns the phrase above into concrete actions&#10;    throw new io.cucumber.java.PendingException();&#10;}&#10;" type="io.cucumber.junit.UndefinedStepException">io.cucumber.junit.UndefinedStepException: 
The step 'there is a project with name "Testing26001"' and 4 other step(s) are undefined.
You can implement these steps using the snippet(s) below:

@Given("there is a project with name {string}")
public void there_is_a_project_with_name(String string) {
    // Write code here that turns the phrase above into concrete actions
    throw new io.cucumber.java.PendingException();
}
@Given("the project has no project leader")
public void the_project_has_no_project_leader() {
    // Write code here that turns the phrase above into concrete actions
    throw new io.cucumber.java.PendingException();
}
@Given("the employee {string} is assigned to the project")
public void the_employee_is_assigned_to_the_project(String string) {
    // Write code here that turns the phrase above into concrete actions
    throw new io.cucumber.java.PendingException();
}
@When("the employee {string} creates an activity with name {string}")
public void the_employee_creates_an_activity_with_name(String string, String string2) {
    // Write code here that turns the phrase above into concrete actions
    throw new io.cucumber.java.PendingException();
}
@Then("the activity {string} is added to the project")
public void the_activity_is_added_to_the_project(String string) {
    // Write code here that turns the phrase above into concrete actions
    throw new io.cucumber.java.PendingException();
}

</error>
    <system-out><![CDATA[
Scenario: Create an activity when no project leader is assigned   &amp#27;[90m# src/test/resources/com/example/CreateActivity.feature:5&amp#27;[0m
  &amp#27;[33mGiven &amp#27;[0m&amp#27;[33mthere is a project with name "Testing26001"&amp#27;[0m
  &amp#27;[36mAnd &amp#27;[0m&amp#27;[36mthe project has no project leader&amp#27;[0m
  &amp#27;[36mAnd &amp#27;[0m&amp#27;[36mthe employee "bap" is assigned to the project&amp#27;[0m
  &amp#27;[36mWhen &amp#27;[0m&amp#27;[36mthe employee "bap" creates an activity with name "Testing"&amp#27;[0m
  &amp#27;[36mThen &amp#27;[0m&amp#27;[36mthe activity "Testing" is added to the project&amp#27;[0m
]]></system-out>
  </testcase>
  <testcase name="Create an activity with a duplicate name" classname="Create activity" time="0.003">
    <error message="The step &apos;there is a project with name &quot;Testing26001&quot;&apos; and 4 other step(s) are undefined.&#10;You can implement these steps using the snippet(s) below:&#10;&#10;@Given(&quot;there is a project with name {string}&quot;)&#10;public void there_is_a_project_with_name(String string) {&#10;    // Write code here that turns the phrase above into concrete actions&#10;    throw new io.cucumber.java.PendingException();&#10;}&#10;@Given(&quot;the employee {string} is the project leader of the project&quot;)&#10;public void the_employee_is_the_project_leader_of_the_project(String string) {&#10;    // Write code here that turns the phrase above into concrete actions&#10;    throw new io.cucumber.java.PendingException();&#10;}&#10;@Given(&quot;the project has an activity with name {string}&quot;)&#10;public void the_project_has_an_activity_with_name(String string) {&#10;    // Write code here that turns the phrase above into concrete actions&#10;    throw new io.cucumber.java.PendingException();&#10;}&#10;@When(&quot;the project leader creates an activity with name {string}&quot;)&#10;public void the_project_leader_creates_an_activity_with_name(String string) {&#10;    // Write code here that turns the phrase above into concrete actions&#10;    throw new io.cucumber.java.PendingException();&#10;}&#10;@Then(&quot;the error message {string} is given&quot;)&#10;public void the_error_message_is_given(String string) {&#10;    // Write code here that turns the phrase above into concrete actions&#10;    throw new io.cucumber.java.PendingException();&#10;}&#10;" type="io.cucumber.junit.UndefinedStepException">io.cucumber.junit.UndefinedStepException: 
The step 'there is a project with name "Testing26001"' and 4 other step(s) are undefined.
You can implement these steps using the snippet(s) below:

@Given("there is a project with name {string}")
public void there_is_a_project_with_name(String string) {
    // Write code here that turns the phrase above into concrete actions
    throw new io.cucumber.java.PendingException();
}
@Given("the employee {string} is the project leader of the project")
public void the_employee_is_the_project_leader_of_the_project(String string) {
    // Write code here that turns the phrase above into concrete actions
    throw new io.cucumber.java.PendingException();
}
@Given("the project has an activity with name {string}")
public void the_project_has_an_activity_with_name(String string) {
    // Write code here that turns the phrase above into concrete actions
    throw new io.cucumber.java.PendingException();
}
@When("the project leader creates an activity with name {string}")
public void the_project_leader_creates_an_activity_with_name(String string) {
    // Write code here that turns the phrase above into concrete actions
    throw new io.cucumber.java.PendingException();
}
@Then("the error message {string} is given")
public void the_error_message_is_given(String string) {
    // Write code here that turns the phrase above into concrete actions
    throw new io.cucumber.java.PendingException();
}

</error>
    <system-out><![CDATA[
Scenario: Create an activity with a duplicate name                &amp#27;[90m# src/test/resources/com/example/CreateActivity.feature:12&amp#27;[0m
  &amp#27;[33mGiven &amp#27;[0m&amp#27;[33mthere is a project with name "Testing26001"&amp#27;[0m
  &amp#27;[36mAnd &amp#27;[0m&amp#27;[36mthe employee "bap" is the project leader of the project&amp#27;[0m
  &amp#27;[36mAnd &amp#27;[0m&amp#27;[36mthe project has an activity with name "Testing"&amp#27;[0m
  &amp#27;[36mWhen &amp#27;[0m&amp#27;[36mthe project leader creates an activity with name "Testing"&amp#27;[0m
  &amp#27;[36mThen &amp#27;[0m&amp#27;[36mthe error message "Activity already exists" is given&amp#27;[0m
]]></system-out>
  </testcase>
  <testcase name="Add an employee to an activity successfully" classname="Add employee to activity" time="0.004">
    <error message="The step &apos;there is a project with name &quot;Testing26001&quot;&apos; and 4 other step(s) are undefined.&#10;You can implement these steps using the snippet(s) below:&#10;&#10;@Given(&quot;there is a project with name {string}&quot;)&#10;public void there_is_a_project_with_name(String string) {&#10;    // Write code here that turns the phrase above into concrete actions&#10;    throw new io.cucumber.java.PendingException();&#10;}&#10;@Given(&quot;the project has an activity with name {string}&quot;)&#10;public void the_project_has_an_activity_with_name(String string) {&#10;    // Write code here that turns the phrase above into concrete actions&#10;    throw new io.cucumber.java.PendingException();&#10;}&#10;@Given(&quot;there is an employee with initials {string}&quot;)&#10;public void there_is_an_employee_with_initials(String string) {&#10;    // Write code here that turns the phrase above into concrete actions&#10;    throw new io.cucumber.java.PendingException();&#10;}&#10;@When(&quot;the employee {string} is added to activity {string}&quot;)&#10;public void the_employee_is_added_to_activity(String string, String string2) {&#10;    // Write code here that turns the phrase above into concrete actions&#10;    throw new io.cucumber.java.PendingException();&#10;}&#10;@Then(&quot;employee is added to activity {string}&quot;)&#10;public void employee_is_added_to_activity(String string) {&#10;    // Write code here that turns the phrase above into concrete actions&#10;    throw new io.cucumber.java.PendingException();&#10;}&#10;" type="io.cucumber.junit.UndefinedStepException">io.cucumber.junit.UndefinedStepException: 
The step 'there is a project with name "Testing26001"' and 4 other step(s) are undefined.
You can implement these steps using the snippet(s) below:

@Given("there is a project with name {string}")
public void there_is_a_project_with_name(String string) {
    // Write code here that turns the phrase above into concrete actions
    throw new io.cucumber.java.PendingException();
}
@Given("the project has an activity with name {string}")
public void the_project_has_an_activity_with_name(String string) {
    // Write code here that turns the phrase above into concrete actions
    throw new io.cucumber.java.PendingException();
}
@Given("there is an employee with initials {string}")
public void there_is_an_employee_with_initials(String string) {
    // Write code here that turns the phrase above into concrete actions
    throw new io.cucumber.java.PendingException();
}
@When("the employee {string} is added to activity {string}")
public void the_employee_is_added_to_activity(String string, String string2) {
    // Write code here that turns the phrase above into concrete actions
    throw new io.cucumber.java.PendingException();
}
@Then("employee is added to activity {string}")
public void employee_is_added_to_activity(String string) {
    // Write code here that turns the phrase above into concrete actions
    throw new io.cucumber.java.PendingException();
}

</error>
    <system-out><![CDATA[
Scenario: Add an employee to an activity successfully    &amp#27;[90m# src/test/resources/com/example/Employee.feature:5&amp#27;[0m
  &amp#27;[33mGiven &amp#27;[0m&amp#27;[33mthere is a project with name "Testing26001"&amp#27;[0m
  &amp#27;[36mAnd &amp#27;[0m&amp#27;[36mthe project has an activity with name "Testing"&amp#27;[0m
  &amp#27;[36mAnd &amp#27;[0m&amp#27;[36mthere is an employee with initials "ber"&amp#27;[0m
  &amp#27;[36mWhen &amp#27;[0m&amp#27;[36mthe employee "ber" is added to activity "Testing"&amp#27;[0m
  &amp#27;[36mThen &amp#27;[0m&amp#27;[36memployee is added to activity "Testing"&amp#27;[0m
]]></system-out>
  </testcase>
  <testcase name="Add an employee who is already assigned" classname="Add employee to activity" time="0.003">
    <error message="The step &apos;there is a project with name &quot;Testing26001&quot;&apos; and 5 other step(s) are undefined.&#10;You can implement these steps using the snippet(s) below:&#10;&#10;@Given(&quot;there is a project with name {string}&quot;)&#10;public void there_is_a_project_with_name(String string) {&#10;    // Write code here that turns the phrase above into concrete actions&#10;    throw new io.cucumber.java.PendingException();&#10;}&#10;@Given(&quot;the project has an activity with name {string}&quot;)&#10;public void the_project_has_an_activity_with_name(String string) {&#10;    // Write code here that turns the phrase above into concrete actions&#10;    throw new io.cucumber.java.PendingException();&#10;}&#10;@Given(&quot;there is an employee with initials {string}&quot;)&#10;public void there_is_an_employee_with_initials(String string) {&#10;    // Write code here that turns the phrase above into concrete actions&#10;    throw new io.cucumber.java.PendingException();&#10;}&#10;@Given(&quot;the employee {string} is assigned to the activity {string}&quot;)&#10;public void the_employee_is_assigned_to_the_activity(String string, String string2) {&#10;    // Write code here that turns the phrase above into concrete actions&#10;    throw new io.cucumber.java.PendingException();&#10;}&#10;@When(&quot;the employee {string} is added to activity {string}&quot;)&#10;public void the_employee_is_added_to_activity(String string, String string2) {&#10;    // Write code here that turns the phrase above into concrete actions&#10;    throw new io.cucumber.java.PendingException();&#10;}&#10;@Then(&quot;the error message {string} is given&quot;)&#10;public void the_error_message_is_given(String string) {&#10;    // Write code here that turns the phrase above into concrete actions&#10;    throw new io.cucumber.java.PendingException();&#10;}&#10;" type="io.cucumber.junit.UndefinedStepException">io.cucumber.junit.UndefinedStepException: 
The step 'there is a project with name "Testing26001"' and 5 other step(s) are undefined.
You can implement these steps using the snippet(s) below:

@Given("there is a project with name {string}")
public void there_is_a_project_with_name(String string) {
    // Write code here that turns the phrase above into concrete actions
    throw new io.cucumber.java.PendingException();
}
@Given("the project has an activity with name {string}")
public void the_project_has_an_activity_with_name(String string) {
    // Write code here that turns the phrase above into concrete actions
    throw new io.cucumber.java.PendingException();
}
@Given("there is an employee with initials {string}")
public void there_is_an_employee_with_initials(String string) {
    // Write code here that turns the phrase above into concrete actions
    throw new io.cucumber.java.PendingException();
}
@Given("the employee {string} is assigned to the activity {string}")
public void the_employee_is_assigned_to_the_activity(String string, String string2) {
    // Write code here that turns the phrase above into concrete actions
    throw new io.cucumber.java.PendingException();
}
@When("the employee {string} is added to activity {string}")
public void the_employee_is_added_to_activity(String string, String string2) {
    // Write code here that turns the phrase above into concrete actions
    throw new io.cucumber.java.PendingException();
}
@Then("the error message {string} is given")
public void the_error_message_is_given(String string) {
    // Write code here that turns the phrase above into concrete actions
    throw new io.cucumber.java.PendingException();
}

</error>
    <system-out><![CDATA[
Scenario: Add an employee who is already assigned                                &amp#27;[90m# src/test/resources/com/example/Employee.feature:12&amp#27;[0m
  &amp#27;[33mGiven &amp#27;[0m&amp#27;[33mthere is a project with name "Testing26001"&amp#27;[0m
  &amp#27;[36mAnd &amp#27;[0m&amp#27;[36mthe project has an activity with name "Testing"&amp#27;[0m
  &amp#27;[36mAnd &amp#27;[0m&amp#27;[36mthere is an employee with initials "ber"&amp#27;[0m
  &amp#27;[36mAnd &amp#27;[0m&amp#27;[36mthe employee "ber" is assigned to the activity "Testing"&amp#27;[0m
  &amp#27;[36mWhen &amp#27;[0m&amp#27;[36mthe employee "ber" is added to activity "Testing"&amp#27;[0m
  &amp#27;[36mThen &amp#27;[0m&amp#27;[36mthe error message "Employee is already assigned to the activity" is given&amp#27;[0m
]]></system-out>
  </testcase>
  <testcase name="Employee is available" classname="Check employee availability" time="0.003">
    <error message="The step &apos;there is an employee with initials &quot;bap&quot;&apos; and 4 other step(s) are undefined.&#10;You can implement these steps using the snippet(s) below:&#10;&#10;@Given(&quot;there is an employee with initials {string}&quot;)&#10;public void there_is_an_employee_with_initials(String string) {&#10;    // Write code here that turns the phrase above into concrete actions&#10;    throw new io.cucumber.java.PendingException();&#10;}&#10;@Given(&quot;there is a nemployee with initials {string}&quot;)&#10;public void there_is_a_nemployee_with_initials(String string) {&#10;    // Write code here that turns the phrase above into concrete actions&#10;    throw new io.cucumber.java.PendingException();&#10;}&#10;@Given(&quot;the employee {string} has no activities in week {int} of {int}&quot;)&#10;public void the_employee_has_no_activities_in_week_of(String string, Integer int1, Integer int2) {&#10;    // Write code here that turns the phrase above into concrete actions&#10;    throw new io.cucumber.java.PendingException();&#10;}&#10;@When(&quot;the project leader checks availability for week {int} of {int}&quot;)&#10;public void the_project_leader_checks_availability_for_week_of(Integer int1, Integer int2) {&#10;    // Write code here that turns the phrase above into concrete actions&#10;    throw new io.cucumber.java.PendingException();&#10;}&#10;@Then(&quot;the employee {string} is listed as available&quot;)&#10;public void the_employee_is_listed_as_available(String string) {&#10;    // Write code here that turns the phrase above into concrete actions&#10;    throw new io.cucumber.java.PendingException();&#10;}&#10;" type="io.cucumber.junit.UndefinedStepException">io.cucumber.junit.UndefinedStepException: 
The step 'there is an employee with initials "bap"' and 4 other step(s) are undefined.
You can implement these steps using the snippet(s) below:

@Given("there is an employee with initials {string}")
public void there_is_an_employee_with_initials(String string) {
    // Write code here that turns the phrase above into concrete actions
    throw new io.cucumber.java.PendingException();
}
@Given("there is a nemployee with initials {string}")
public void there_is_a_nemployee_with_initials(String string) {
    // Write code here that turns the phrase above into concrete actions
    throw new io.cucumber.java.PendingException();
}
@Given("the employee {string} has no activities in week {int} of {int}")
public void the_employee_has_no_activities_in_week_of(String string, Integer int1, Integer int2) {
    // Write code here that turns the phrase above into concrete actions
    throw new io.cucumber.java.PendingException();
}
@When("the project leader checks availability for week {int} of {int}")
public void the_project_leader_checks_availability_for_week_of(Integer int1, Integer int2) {
    // Write code here that turns the phrase above into concrete actions
    throw new io.cucumber.java.PendingException();
}
@Then("the employee {string} is listed as available")
public void the_employee_is_listed_as_available(String string) {
    // Write code here that turns the phrase above into concrete actions
    throw new io.cucumber.java.PendingException();
}

</error>
    <system-out><![CDATA[
Scenario: Employee is available                                   &amp#27;[90m# src/test/resources/com/example/EmployeeAvailability.feature:5&amp#27;[0m
  &amp#27;[33mGiven &amp#27;[0m&amp#27;[33mthere is an employee with initials "bap"&amp#27;[0m
  &amp#27;[36mAnd &amp#27;[0m&amp#27;[36mthere is a nemployee with initials "ber"&amp#27;[0m
  &amp#27;[36mAnd &amp#27;[0m&amp#27;[36mthe employee "ber" has no activities in week 12 of 2026&amp#27;[0m
  &amp#27;[36mWhen &amp#27;[0m&amp#27;[36mthe project leader checks availability for week 12 of 2026&amp#27;[0m
  &amp#27;[36mThen &amp#27;[0m&amp#27;[36mthe employee "ber" is listed as available&amp#27;[0m
]]></system-out>
  </testcase>
  <testcase name="Employee is not available" classname="Check employee availability" time="0.003">
    <error message="The step &apos;there is an employee with initials &quot;ber&quot;&apos; and 3 other step(s) are undefined.&#10;You can implement these steps using the snippet(s) below:&#10;&#10;@Given(&quot;there is an employee with initials {string}&quot;)&#10;public void there_is_an_employee_with_initials(String string) {&#10;    // Write code here that turns the phrase above into concrete actions&#10;    throw new io.cucumber.java.PendingException();&#10;}&#10;@Given(&quot;the employee {string} is assigned to an activity in week {int} of {int}&quot;)&#10;public void the_employee_is_assigned_to_an_activity_in_week_of(String string, Integer int1, Integer int2) {&#10;    // Write code here that turns the phrase above into concrete actions&#10;    throw new io.cucumber.java.PendingException();&#10;}&#10;@When(&quot;the project leader checks availability for week {int} of {int}&quot;)&#10;public void the_project_leader_checks_availability_for_week_of(Integer int1, Integer int2) {&#10;    // Write code here that turns the phrase above into concrete actions&#10;    throw new io.cucumber.java.PendingException();&#10;}&#10;@Then(&quot;the employee {string} is not listed as available&quot;)&#10;public void the_employee_is_not_listed_as_available(String string) {&#10;    // Write code here that turns the phrase above into concrete actions&#10;    throw new io.cucumber.java.PendingException();&#10;}&#10;" type="io.cucumber.junit.UndefinedStepException">io.cucumber.junit.UndefinedStepException: 
The step 'there is an employee with initials "ber"' and 3 other step(s) are undefined.
You can implement these steps using the snippet(s) below:

@Given("there is an employee with initials {string}")
public void there_is_an_employee_with_initials(String string) {
    // Write code here that turns the phrase above into concrete actions
    throw new io.cucumber.java.PendingException();
}
@Given("the employee {string} is assigned to an activity in week {int} of {int}")
public void the_employee_is_assigned_to_an_activity_in_week_of(String string, Integer int1, Integer int2) {
    // Write code here that turns the phrase above into concrete actions
    throw new io.cucumber.java.PendingException();
}
@When("the project leader checks availability for week {int} of {int}")
public void the_project_leader_checks_availability_for_week_of(Integer int1, Integer int2) {
    // Write code here that turns the phrase above into concrete actions
    throw new io.cucumber.java.PendingException();
}
@Then("the employee {string} is not listed as available")
public void the_employee_is_not_listed_as_available(String string) {
    // Write code here that turns the phrase above into concrete actions
    throw new io.cucumber.java.PendingException();
}

</error>
    <system-out><![CDATA[
Scenario: Employee is not available                                    &amp#27;[90m# src/test/resources/com/example/EmployeeAvailability.feature:12&amp#27;[0m
  &amp#27;[33mGiven &amp#27;[0m&amp#27;[33mthere is an employee with initials "ber"&amp#27;[0m
  &amp#27;[36mAnd &amp#27;[0m&amp#27;[36mthe employee "ber" is assigned to an activity in week 12 of 2026&amp#27;[0m
  &amp#27;[36mWhen &amp#27;[0m&amp#27;[36mthe project leader checks availability for week 12 of 2026&amp#27;[0m
  &amp#27;[36mThen &amp#27;[0m&amp#27;[36mthe employee "ber" is not listed as available&amp#27;[0m
]]></system-out>
  </testcase>
  <testcase name="View total time spent on project" classname="Project report" time="0.003">
    <error message="The step &apos;there is a project with name &quot;Testing26001&quot;&apos; and 5 other step(s) are undefined.&#10;You can implement these steps using the snippet(s) below:&#10;&#10;@Given(&quot;there is a project with name {string}&quot;)&#10;public void there_is_a_project_with_name(String string) {&#10;    // Write code here that turns the phrase above into concrete actions&#10;    throw new io.cucumber.java.PendingException();&#10;}&#10;@Given(&quot;the employee {string} is the project leader of the project&quot;)&#10;public void the_employee_is_the_project_leader_of_the_project(String string) {&#10;    // Write code here that turns the phrase above into concrete actions&#10;    throw new io.cucumber.java.PendingException();&#10;}&#10;@Given(&quot;the project has an activity with name {string}&quot;)&#10;public void the_project_has_an_activity_with_name(String string) {&#10;    // Write code here that turns the phrase above into concrete actions&#10;    throw new io.cucumber.java.PendingException();&#10;}&#10;@Given(&quot;the employee {string} has registered {int} hours on activity {string} on date {string}&quot;)&#10;public void the_employee_has_registered_hours_on_activity_on_date(String string, Integer int1, String string2, String string3) {&#10;    // Write code here that turns the phrase above into concrete actions&#10;    throw new io.cucumber.java.PendingException();&#10;}&#10;@When(&quot;the project leader requests a project report&quot;)&#10;public void the_project_leader_requests_a_project_report() {&#10;    // Write code here that turns the phrase above into concrete actions&#10;    throw new io.cucumber.java.PendingException();&#10;}&#10;@Then(&quot;the report shows {int} total hours spent on the project&quot;)&#10;public void the_report_shows_total_hours_spent_on_the_project(Integer int1) {&#10;    // Write code here that turns the phrase above into concrete actions&#10;    throw new io.cucumber.java.PendingException();&#10;}&#10;" type="io.cucumber.junit.UndefinedStepException">io.cucumber.junit.UndefinedStepException: 
The step 'there is a project with name "Testing26001"' and 5 other step(s) are undefined.
You can implement these steps using the snippet(s) below:

@Given("there is a project with name {string}")
public void there_is_a_project_with_name(String string) {
    // Write code here that turns the phrase above into concrete actions
    throw new io.cucumber.java.PendingException();
}
@Given("the employee {string} is the project leader of the project")
public void the_employee_is_the_project_leader_of_the_project(String string) {
    // Write code here that turns the phrase above into concrete actions
    throw new io.cucumber.java.PendingException();
}
@Given("the project has an activity with name {string}")
public void the_project_has_an_activity_with_name(String string) {
    // Write code here that turns the phrase above into concrete actions
    throw new io.cucumber.java.PendingException();
}
@Given("the employee {string} has registered {int} hours on activity {string} on date {string}")
public void the_employee_has_registered_hours_on_activity_on_date(String string, Integer int1, String string2, String string3) {
    // Write code here that turns the phrase above into concrete actions
    throw new io.cucumber.java.PendingException();
}
@When("the project leader requests a project report")
public void the_project_leader_requests_a_project_report() {
    // Write code here that turns the phrase above into concrete actions
    throw new io.cucumber.java.PendingException();
}
@Then("the report shows {int} total hours spent on the project")
public void the_report_shows_total_hours_spent_on_the_project(Integer int1) {
    // Write code here that turns the phrase above into concrete actions
    throw new io.cucumber.java.PendingException();
}

</error>
    <system-out><![CDATA[
Scenario: View total time spent on project                                                  &amp#27;[90m# src/test/resources/com/example/ProjectReport.feature:5&amp#27;[0m
  &amp#27;[33mGiven &amp#27;[0m&amp#27;[33mthere is a project with name "Testing26001"&amp#27;[0m
  &amp#27;[36mAnd &amp#27;[0m&amp#27;[36mthe employee "bap" is the project leader of the project&amp#27;[0m
  &amp#27;[36mAnd &amp#27;[0m&amp#27;[36mthe project has an activity with name "Testing"&amp#27;[0m
  &amp#27;[36mAnd &amp#27;[0m&amp#27;[36mthe employee "ber" has registered 20 hours on activity "Testing" on date "2026-03-16"&amp#27;[0m
  &amp#27;[36mWhen &amp#27;[0m&amp#27;[36mthe project leader requests a project report&amp#27;[0m
  &amp#27;[36mThen &amp#27;[0m&amp#27;[36mthe report shows 20 total hours spent on the project&amp#27;[0m
]]></system-out>
  </testcase>
  <testcase name="View report for non-existing activity" classname="Project report" time="0.003">
    <error message="The step &apos;there is a project with name &quot;Testing26001&quot;&apos; and 4 other step(s) are undefined.&#10;You can implement these steps using the snippet(s) below:&#10;&#10;@Given(&quot;there is a project with name {string}&quot;)&#10;public void there_is_a_project_with_name(String string) {&#10;    // Write code here that turns the phrase above into concrete actions&#10;    throw new io.cucumber.java.PendingException();&#10;}&#10;@Given(&quot;the employee {string} is the project leader of the project&quot;)&#10;public void the_employee_is_the_project_leader_of_the_project(String string) {&#10;    // Write code here that turns the phrase above into concrete actions&#10;    throw new io.cucumber.java.PendingException();&#10;}&#10;@Given(&quot;the project has an activity with name {string}&quot;)&#10;public void the_project_has_an_activity_with_name(String string) {&#10;    // Write code here that turns the phrase above into concrete actions&#10;    throw new io.cucumber.java.PendingException();&#10;}&#10;@When(&quot;the project leader requests time used on activity {string}&quot;)&#10;public void the_project_leader_requests_time_used_on_activity(String string) {&#10;    // Write code here that turns the phrase above into concrete actions&#10;    throw new io.cucumber.java.PendingException();&#10;}&#10;@Then(&quot;the error message {string} is given&quot;)&#10;public void the_error_message_is_given(String string) {&#10;    // Write code here that turns the phrase above into concrete actions&#10;    throw new io.cucumber.java.PendingException();&#10;}&#10;" type="io.cucumber.junit.UndefinedStepException">io.cucumber.junit.UndefinedStepException: 
The step 'there is a project with name "Testing26001"' and 4 other step(s) are undefined.
You can implement these steps using the snippet(s) below:

@Given("there is a project with name {string}")
public void there_is_a_project_with_name(String string) {
    // Write code here that turns the phrase above into concrete actions
    throw new io.cucumber.java.PendingException();
}
@Given("the employee {string} is the project leader of the project")
public void the_employee_is_the_project_leader_of_the_project(String string) {
    // Write code here that turns the phrase above into concrete actions
    throw new io.cucumber.java.PendingException();
}
@Given("the project has an activity with name {string}")
public void the_project_has_an_activity_with_name(String string) {
    // Write code here that turns the phrase above into concrete actions
    throw new io.cucumber.java.PendingException();
}
@When("the project leader requests time used on activity {string}")
public void the_project_leader_requests_time_used_on_activity(String string) {
    // Write code here that turns the phrase above into concrete actions
    throw new io.cucumber.java.PendingException();
}
@Then("the error message {string} is given")
public void the_error_message_is_given(String string) {
    // Write code here that turns the phrase above into concrete actions
    throw new io.cucumber.java.PendingException();
}

</error>
    <system-out><![CDATA[
Scenario: View report for non-existing activity                    &amp#27;[90m# src/test/resources/com/example/ProjectReport.feature:13&amp#27;[0m
  &amp#27;[33mGiven &amp#27;[0m&amp#27;[33mthere is a project with name "Testing26001"&amp#27;[0m
  &amp#27;[36mAnd &amp#27;[0m&amp#27;[36mthe employee "bap" is the project leader of the project&amp#27;[0m
  &amp#27;[36mAnd &amp#27;[0m&amp#27;[36mthe project has an activity with name "Testing"&amp#27;[0m
  &amp#27;[36mWhen &amp#27;[0m&amp#27;[36mthe project leader requests time used on activity "gnitseT"&amp#27;[0m
  &amp#27;[36mThen &amp#27;[0m&amp#27;[36mthe error message "Activity does not exist" is given&amp#27;[0m
]]></system-out>
  </testcase>
  <testcase name="Assign a project leader succesfully" classname="Assign project leader" time="0.004">
    <error message="The step &apos;there is a project with name &quot;Testing26001&quot;&apos; and 3 other step(s) are undefined.&#10;You can implement these steps using the snippet(s) below:&#10;&#10;@Given(&quot;there is a project with name {string}&quot;)&#10;public void there_is_a_project_with_name(String string) {&#10;    // Write code here that turns the phrase above into concrete actions&#10;    throw new io.cucumber.java.PendingException();&#10;}&#10;@Given(&quot;there is an employee with initials {string}&quot;)&#10;public void there_is_an_employee_with_initials(String string) {&#10;    // Write code here that turns the phrase above into concrete actions&#10;    throw new io.cucumber.java.PendingException();&#10;}&#10;@When(&quot;the employee {string} is assigned as project leader&quot;)&#10;public void the_employee_is_assigned_as_project_leader(String string) {&#10;    // Write code here that turns the phrase above into concrete actions&#10;    throw new io.cucumber.java.PendingException();&#10;}&#10;@Then(&quot;the employee {string} is the project leader of the project&quot;)&#10;public void the_employee_is_the_project_leader_of_the_project(String string) {&#10;    // Write code here that turns the phrase above into concrete actions&#10;    throw new io.cucumber.java.PendingException();&#10;}&#10;" type="io.cucumber.junit.UndefinedStepException">io.cucumber.junit.UndefinedStepException: 
The step 'there is a project with name "Testing26001"' and 3 other step(s) are undefined.
You can implement these steps using the snippet(s) below:

@Given("there is a project with name {string}")
public void there_is_a_project_with_name(String string) {
    // Write code here that turns the phrase above into concrete actions
    throw new io.cucumber.java.PendingException();
}
@Given("there is an employee with initials {string}")
public void there_is_an_employee_with_initials(String string) {
    // Write code here that turns the phrase above into concrete actions
    throw new io.cucumber.java.PendingException();
}
@When("the employee {string} is assigned as project leader")
public void the_employee_is_assigned_as_project_leader(String string) {
    // Write code here that turns the phrase above into concrete actions
    throw new io.cucumber.java.PendingException();
}
@Then("the employee {string} is the project leader of the project")
public void the_employee_is_the_project_leader_of_the_project(String string) {
    // Write code here that turns the phrase above into concrete actions
    throw new io.cucumber.java.PendingException();
}

</error>
    <system-out><![CDATA[
Scenario: Assign a project leader succesfully                  &amp#27;[90m# src/test/resources/com/example/Projectleader.feature:5&amp#27;[0m
  &amp#27;[33mGiven &amp#27;[0m&amp#27;[33mthere is a project with name "Testing26001"&amp#27;[0m
  &amp#27;[36mAnd &amp#27;[0m&amp#27;[36mthere is an employee with initials "bap"&amp#27;[0m
  &amp#27;[36mWhen &amp#27;[0m&amp#27;[36mthe employee "bap" is assigned as project leader&amp#27;[0m
  &amp#27;[36mThen &amp#27;[0m&amp#27;[36mthe employee "bap" is the project leader of the project&amp#27;[0m
]]></system-out>
  </testcase>
  <testcase name="Edit already registered time" classname="Update register Time" time="0.004">
    <error message="The step &apos;there is an employee with initials &quot;bap&quot;&apos; and 6 other step(s) are undefined.&#10;You can implement these steps using the snippet(s) below:&#10;&#10;@Given(&quot;there is an employee with initials {string}&quot;)&#10;public void there_is_an_employee_with_initials(String string) {&#10;    // Write code here that turns the phrase above into concrete actions&#10;    throw new io.cucumber.java.PendingException();&#10;}&#10;@Given(&quot;there is a project with name {string}&quot;)&#10;public void there_is_a_project_with_name(String string) {&#10;    // Write code here that turns the phrase above into concrete actions&#10;    throw new io.cucumber.java.PendingException();&#10;}&#10;@Given(&quot;the project has an activity with name {string}&quot;)&#10;public void the_project_has_an_activity_with_name(String string) {&#10;    // Write code here that turns the phrase above into concrete actions&#10;    throw new io.cucumber.java.PendingException();&#10;}&#10;@Given(&quot;the employee {string} has registered {int} hours on activity {string} on date {string}&quot;)&#10;public void the_employee_has_registered_hours_on_activity_on_date(String string, Integer int1, String string2, String string3) {&#10;    // Write code here that turns the phrase above into concrete actions&#10;    throw new io.cucumber.java.PendingException();&#10;}&#10;@Given(&quot;the employee {string} changes the registered hours to {int} on activity {string} on date {string}&quot;)&#10;public void the_employee_changes_the_registered_hours_to_on_activity_on_date(String string, Integer int1, String string2, String string3) {&#10;    // Write code here that turns the phrase above into concrete actions&#10;    throw new io.cucumber.java.PendingException();&#10;}&#10;@When(&quot;the employee {string} views registered hours for date {string}&quot;)&#10;public void the_employee_views_registered_hours_for_date(String string, String string2) {&#10;    // Write code here that turns the phrase above into concrete actions&#10;    throw new io.cucumber.java.PendingException();&#10;}&#10;@Then(&quot;{int} hours are registered for employee {string} on activity {string} on date {string}&quot;)&#10;public void hours_are_registered_for_employee_on_activity_on_date(Integer int1, String string, String string2, String string3) {&#10;    // Write code here that turns the phrase above into concrete actions&#10;    throw new io.cucumber.java.PendingException();&#10;}&#10;" type="io.cucumber.junit.UndefinedStepException">io.cucumber.junit.UndefinedStepException: 
The step 'there is an employee with initials "bap"' and 6 other step(s) are undefined.
You can implement these steps using the snippet(s) below:

@Given("there is an employee with initials {string}")
public void there_is_an_employee_with_initials(String string) {
    // Write code here that turns the phrase above into concrete actions
    throw new io.cucumber.java.PendingException();
}
@Given("there is a project with name {string}")
public void there_is_a_project_with_name(String string) {
    // Write code here that turns the phrase above into concrete actions
    throw new io.cucumber.java.PendingException();
}
@Given("the project has an activity with name {string}")
public void the_project_has_an_activity_with_name(String string) {
    // Write code here that turns the phrase above into concrete actions
    throw new io.cucumber.java.PendingException();
}
@Given("the employee {string} has registered {int} hours on activity {string} on date {string}")
public void the_employee_has_registered_hours_on_activity_on_date(String string, Integer int1, String string2, String string3) {
    // Write code here that turns the phrase above into concrete actions
    throw new io.cucumber.java.PendingException();
}
@Given("the employee {string} changes the registered hours to {int} on activity {string} on date {string}")
public void the_employee_changes_the_registered_hours_to_on_activity_on_date(String string, Integer int1, String string2, String string3) {
    // Write code here that turns the phrase above into concrete actions
    throw new io.cucumber.java.PendingException();
}
@When("the employee {string} views registered hours for date {string}")
public void the_employee_views_registered_hours_for_date(String string, String string2) {
    // Write code here that turns the phrase above into concrete actions
    throw new io.cucumber.java.PendingException();
}
@Then("{int} hours are registered for employee {string} on activity {string} on date {string}")
public void hours_are_registered_for_employee_on_activity_on_date(Integer int1, String string, String string2, String string3) {
    // Write code here that turns the phrase above into concrete actions
    throw new io.cucumber.java.PendingException();
}

</error>
    <system-out><![CDATA[
Scenario: Edit already registered time                                                                &amp#27;[90m# src/test/resources/com/example/UpdateAndNegativeContribution.feature:4&amp#27;[0m
  &amp#27;[33mGiven &amp#27;[0m&amp#27;[33mthere is an employee with initials "bap"&amp#27;[0m
  &amp#27;[36mAnd &amp#27;[0m&amp#27;[36mthere is a project with name "Testing26001"&amp#27;[0m
  &amp#27;[36mAnd &amp#27;[0m&amp#27;[36mthe project has an activity with name "Testing"&amp#27;[0m
  &amp#27;[36mAnd &amp#27;[0m&amp#27;[36mthe employee "bap" has registered 4 hours on activity "Testing" on date "2026-03-22"&amp#27;[0m
  &amp#27;[36mAnd &amp#27;[0m&amp#27;[36mthe employee "bap" changes the registered hours to 6 on activity "Testing" on date "2026-03-22"&amp#27;[0m
  &amp#27;[36mWhen &amp#27;[0m&amp#27;[36mthe employee "bap" views registered hours for date "2026-03-22"&amp#27;[0m
  &amp#27;[36mThen &amp#27;[0m&amp#27;[36m6 hours are registered for employee "bap" on activity "Testing" on date "2026-03-22"&amp#27;[0m
]]></system-out>
  </testcase>
  <testcase name="Register negative hours" classname="Update register Time" time="0.003">
    <error message="The step &apos;there is a project with name &quot;Testing26001&quot;&apos; and 4 other step(s) are undefined.&#10;You can implement these steps using the snippet(s) below:&#10;&#10;@Given(&quot;there is a project with name {string}&quot;)&#10;public void there_is_a_project_with_name(String string) {&#10;    // Write code here that turns the phrase above into concrete actions&#10;    throw new io.cucumber.java.PendingException();&#10;}&#10;@Given(&quot;the project has an activity with name {string}&quot;)&#10;public void the_project_has_an_activity_with_name(String string) {&#10;    // Write code here that turns the phrase above into concrete actions&#10;    throw new io.cucumber.java.PendingException();&#10;}&#10;@Given(&quot;there is an employee with initials {string}&quot;)&#10;public void there_is_an_employee_with_initials(String string) {&#10;    // Write code here that turns the phrase above into concrete actions&#10;    throw new io.cucumber.java.PendingException();&#10;}&#10;@When(&quot;the employee {string} registers {int} hours on activity {string} on date {string}&quot;)&#10;public void the_employee_registers_hours_on_activity_on_date(String string, Integer int1, String string2, String string3) {&#10;    // Write code here that turns the phrase above into concrete actions&#10;    throw new io.cucumber.java.PendingException();&#10;}&#10;@Then(&quot;the error message {string} is given&quot;)&#10;public void the_error_message_is_given(String string) {&#10;    // Write code here that turns the phrase above into concrete actions&#10;    throw new io.cucumber.java.PendingException();&#10;}&#10;" type="io.cucumber.junit.UndefinedStepException">io.cucumber.junit.UndefinedStepException: 
The step 'there is a project with name "Testing26001"' and 4 other step(s) are undefined.
You can implement these steps using the snippet(s) below:

@Given("there is a project with name {string}")
public void there_is_a_project_with_name(String string) {
    // Write code here that turns the phrase above into concrete actions
    throw new io.cucumber.java.PendingException();
}
@Given("the project has an activity with name {string}")
public void the_project_has_an_activity_with_name(String string) {
    // Write code here that turns the phrase above into concrete actions
    throw new io.cucumber.java.PendingException();
}
@Given("there is an employee with initials {string}")
public void there_is_an_employee_with_initials(String string) {
    // Write code here that turns the phrase above into concrete actions
    throw new io.cucumber.java.PendingException();
}
@When("the employee {string} registers {int} hours on activity {string} on date {string}")
public void the_employee_registers_hours_on_activity_on_date(String string, Integer int1, String string2, String string3) {
    // Write code here that turns the phrase above into concrete actions
    throw new io.cucumber.java.PendingException();
}
@Then("the error message {string} is given")
public void the_error_message_is_given(String string) {
    // Write code here that turns the phrase above into concrete actions
    throw new io.cucumber.java.PendingException();
}

</error>
    <system-out><![CDATA[
Scenario: Register negative hours                                                       &amp#27;[90m# src/test/resources/com/example/UpdateAndNegativeContribution.feature:13&amp#27;[0m
  &amp#27;[33mGiven &amp#27;[0m&amp#27;[33mthere is a project with name "Testing26001"&amp#27;[0m
  &amp#27;[36mAnd &amp#27;[0m&amp#27;[36mthe project has an activity with name "Testing"&amp#27;[0m
  &amp#27;[36mAnd &amp#27;[0m&amp#27;[36mthere is an employee with initials "bap"&amp#27;[0m
  &amp#27;[36mWhen &amp#27;[0m&amp#27;[36mthe employee "bap" registers -2 hours on activity "Testing" on date "2026-03-22"&amp#27;[0m
  &amp#27;[36mThen &amp#27;[0m&amp#27;[36mthe error message "Hours must be positive" is given&amp#27;[0m
]]></system-out>
  </testcase>
</testsuite>